#
# There is insufficient memory for the Java Runtime Environment to continue.
# Native memory allocation (mmap) failed to map 264241152 bytes for G1 virtual space
# Possible reasons:
#   The system is out of physical RAM or swap space
#   The process is running with CompressedOops enabled, and the Java Heap may be blocking the growth of the native heap
# Possible solutions:
#   Reduce memory load on the system
#   Increase physical memory or swap space
#   Check if swap backing store is full
#   Decrease Java heap size (-Xmx/-Xms)
#   Decrease number of Java threads
#   Decrease Java thread stack sizes (-Xss)
#   Set larger code cache with -XX:ReservedCodeCacheSize=
#   JVM is running with Zero Based Compressed Oops mode in which the Java heap is
#     placed in the first 32GB address space. The Java Heap base address is the
#     maximum limit for the native heap growth. Please use -XX:HeapBaseMinAddress
#     to set the Java Heap base and to place the Java Heap above 32GB virtual address.
# This output file may be truncated or incomplete.
#
#  Out of Memory Error (os_windows.cpp:3530), pid=32532, tid=32596
#
# JRE version:  (18.0.2.1+1) (build )
# Java VM: Java HotSpot(TM) 64-Bit Server VM (18.0.2.1+1-1, mixed mode, sharing, tiered, compressed oops, compressed class ptrs, g1 gc, windows-amd64)
# No core dump will be written. Minidumps are not enabled by default on client versions of Windows
#

---------------  S U M M A R Y ------------

Command Line: -Dfile.encoding=UTF-8 -XX:+ShowCodeDetailsInExceptionMessages testingOrderStuff

Host: 11th Gen Intel(R) Core(TM) i7-1185G7 @ 3.00GHz, 8 cores, 15G,  Windows 11 , 64 bit Build 22000 (10.0.22000.708)
Time: Sun Nov  6 13:27:56 2022 Central Standard Time elapsed time: 0.014792 seconds (0d 0h 0m 0s)

---------------  T H R E A D  ---------------

Current thread (0x000001ba5695cf30):  JavaThread "Unknown thread" [_thread_in_vm, id=32596, stack(0x000000986e300000,0x000000986e400000)]

Stack: [0x000000986e300000,0x000000986e400000]
Native frames: (J=compiled Java code, j=interpreted, Vv=VM code, C=native code)
V  [jvm.dll+0x6993aa]
V  [jvm.dll+0x7f46dd]
V  [jvm.dll+0x7f5fee]
V  [jvm.dll+0x7f66a3]
V  [jvm.dll+0x25cf1f]
V  [jvm.dll+0x6962f9]
V  [jvm.dll+0x68ae2a]
V  [jvm.dll+0x32255b]
V  [jvm.dll+0x329f36]
V  [jvm.dll+0x37eade]
V  [jvm.dll+0x37ed0f]
V  [jvm.dll+0x2fa2da]
V  [jvm.dll+0x2fb33d]
V  [jvm.dll+0x7c3310]
V  [jvm.dll+0x38be61]
V  [jvm.dll+0x7a2023]
V  [jvm.dll+0x40dc3f]
V  [jvm.dll+0x40f611]
C  [jli.dll+0x526b]
C  [ucrtbase.dll+0x26c0c]
C  [KERNEL32.DLL+0x154e0]
C  [ntdll.dll+0x485b]


---------------  P R O C E S S  ---------------

Threads class SMR info:
_java_thread_list=0x00007ffdfca3e550, length=0, elements={
}

Java Threads: ( => current thread )

Other Threads:
  0x000001ba569cf3f0 WorkerThread "GC Thread#0" [stack: 0x000000986e400000,0x000000986e500000] [id=32600]
  0x000001ba56a1f010 ConcurrentGCThread "G1 Main Marker" [stack: 0x000000986e500000,0x000000986e600000] [id=32604]
  0x000001ba56a1fa00 WorkerThread "G1 Conc#0" [stack: 0x000000986e600000,0x000000986e700000] [id=32608]

[error occurred during error reporting (printing all threads), id 0xc0000005, EXCEPTION_ACCESS_VIOLATION (0xc0000005) at pc=0x00007ffdfc26a877]

VM state: not at safepoint (not fully initialized)

VM Mutex/Monitor currently owned by a thread:  ([mutex/lock_event])
[0x000001ba56958700] Heap_lock - owner thread: 0x000001ba5695cf30

Heap address: 0x0000000704e00000, size: 4018 MB, Compressed Oops mode: Zero based, Oop shift amount: 3

CDS archive(s) mapped at: [0x0000000000000000-0x0000000000000000-0x0000000000000000), size 0, SharedBaseAddress: 0x0000000800000000, ArchiveRelocationMode: 0.
Narrow klass base: 0x0000000000000000, Narrow klass shift: 0, Narrow klass range: 0x0

GC Precious Log:
 CardTable entry size: 512
 Card Set container configuration: InlinePtr #cards 4 size 8 Array Of Cards #cards 16 size 48 Howl #buckets 8 coarsen threshold 3686 Howl Bitmap #cards 512 size 80 coarsen threshold 460 Card regions per heap region 1 cards per card region 4096

Heap:
 garbage-first heap   total 0K, used 0K [0x0000000704e00000, 0x0000000800000000)
  region size 2048K, 0 young (0K), 0 survivors (0K)

[error occurred during error reporting (printing heap information), id 0xc0000005, EXCEPTION_ACCESS_VIOLATION (0xc0000005) at pc=0x00007ffdfc651839]

GC Heap History (0 events):
No events

Deoptimization events (0 events):
No events

Classes loaded (0 events):
No events

Classes unloaded (0 events):
No events

Classes redefined (0 events):
No events

Internal exceptions (0 events):
No events

VM Operations (0 events):
No events

Events (1 events):
Event: 0.010 Loaded shared library C:\Program Files\Java\jdk-18.0.2.1\bin\java.dll


Dynamic libraries:
0x00007ff6c7100000 - 0x00007ff6c7110000 	C:\Program Files\Java\jdk-18.0.2.1\bin\javaw.exe
0x00007ffe4f4a0000 - 0x00007ffe4f6a9000 	C:\WINDOWS\SYSTEM32\ntdll.dll
0x00007ffe4d6b0000 - 0x00007ffe4d76d000 	C:\WINDOWS\System32\KERNEL32.DLL
0x00007ffe4cc30000 - 0x00007ffe4cfab000 	C:\WINDOWS\System32\KERNELBASE.dll
0x00007ffe4c970000 - 0x00007ffe4ca81000 	C:\WINDOWS\System32\ucrtbase.dll
0x00007ffe47110000 - 0x00007ffe4712a000 	C:\Program Files\Java\jdk-18.0.2.1\bin\VCRUNTIME140.dll
0x00007ffe46d40000 - 0x00007ffe46d58000 	C:\Program Files\Java\jdk-18.0.2.1\bin\jli.dll
0x00007ffe4e040000 - 0x00007ffe4e0ee000 	C:\WINDOWS\System32\ADVAPI32.dll
0x00007ffe4e8d0000 - 0x00007ffe4e973000 	C:\WINDOWS\System32\msvcrt.dll
0x00007ffe4d5c0000 - 0x00007ffe4d65e000 	C:\WINDOWS\System32\sechost.dll
0x00007ffe4f340000 - 0x00007ffe4f460000 	C:\WINDOWS\System32\RPCRT4.dll
0x00007ffe4e560000 - 0x00007ffe4e70d000 	C:\WINDOWS\System32\USER32.dll
0x00007ffe4d2f0000 - 0x00007ffe4d316000 	C:\WINDOWS\System32\win32u.dll
0x00007ffe4ec50000 - 0x00007ffe4ec79000 	C:\WINDOWS\System32\GDI32.dll
0x00007ffe25810000 - 0x00007ffe25ab5000 	C:\WINDOWS\WinSxS\amd64_microsoft.windows.common-controls_6595b64144ccf1df_6.0.22000.120_none_9d947278b86cc467\COMCTL32.dll
0x00007ffe4cb10000 - 0x00007ffe4cc28000 	C:\WINDOWS\System32\gdi32full.dll
0x00007ffe4d1e0000 - 0x00007ffe4d27d000 	C:\WINDOWS\System32\msvcp_win.dll
0x00007ffe42f70000 - 0x00007ffe42f7a000 	C:\WINDOWS\SYSTEM32\VERSION.dll
0x00007ffe4d660000 - 0x00007ffe4d691000 	C:\WINDOWS\System32\IMM32.DLL
0x00007ffe43180000 - 0x00007ffe4318c000 	C:\Program Files\Java\jdk-18.0.2.1\bin\vcruntime140_1.dll
0x00007ffe271b0000 - 0x00007ffe2723d000 	C:\Program Files\Java\jdk-18.0.2.1\bin\msvcp140.dll
0x00007ffdfbf60000 - 0x00007ffdfcb71000 	C:\Program Files\Java\jdk-18.0.2.1\bin\server\jvm.dll
0x00007ffe4d6a0000 - 0x00007ffe4d6a8000 	C:\WINDOWS\System32\PSAPI.DLL
0x00007ffe2f600000 - 0x00007ffe2f609000 	C:\WINDOWS\SYSTEM32\WSOCK32.dll
0x00007ffe46140000 - 0x00007ffe46173000 	C:\WINDOWS\SYSTEM32\WINMM.dll
0x00007ffe4eb20000 - 0x00007ffe4eb8f000 	C:\WINDOWS\System32\WS2_32.dll
0x00007ffe4baa0000 - 0x00007ffe4bab8000 	C:\WINDOWS\SYSTEM32\kernel.appcore.dll
0x00007ffe2d6c0000 - 0x00007ffe2d6ca000 	C:\Program Files\Java\jdk-18.0.2.1\bin\jimage.dll
0x00007ffe4a320000 - 0x00007ffe4a541000 	C:\WINDOWS\SYSTEM32\DBGHELP.DLL
0x00007ffe328e0000 - 0x00007ffe32911000 	C:\WINDOWS\SYSTEM32\dbgcore.DLL
0x00007ffe4ca90000 - 0x00007ffe4cb0f000 	C:\WINDOWS\System32\bcryptPrimitives.dll
0x00007ffe2d580000 - 0x00007ffe2d5a5000 	C:\Program Files\Java\jdk-18.0.2.1\bin\java.dll

dbghelp: loaded successfully - version: 4.0.5 - missing functions: none
symbol engine: initialized successfully - sym options: 0x614 - pdb path: .;C:\Program Files\Java\jdk-18.0.2.1\bin;C:\WINDOWS\SYSTEM32;C:\WINDOWS\WinSxS\amd64_microsoft.windows.common-controls_6595b64144ccf1df_6.0.22000.120_none_9d947278b86cc467;C:\Program Files\Java\jdk-18.0.2.1\bin\server

VM Arguments:
jvm_args: -Dfile.encoding=UTF-8 -XX:+ShowCodeDetailsInExceptionMessages 
java_command: testingOrderStuff
java_class_path (initial): C:\Users\jpete\eclipse-workspace\Midterm Order\bin
Launcher Type: SUN_STANDARD

[Global flags]
     intx CICompilerCount                          = 4                                         {product} {ergonomic}
     uint ConcGCThreads                            = 2                                         {product} {ergonomic}
     uint G1ConcRefinementThreads                  = 8                                         {product} {ergonomic}
   size_t G1HeapRegionSize                         = 2097152                                   {product} {ergonomic}
    uintx GCDrainStackTargetSize                   = 64                                        {product} {ergonomic}
   size_t InitialHeapSize                          = 264241152                                 {product} {ergonomic}
   size_t MarkStackSize                            = 4194304                                   {product} {ergonomic}
   size_t MaxHeapSize                              = 4213178368                                {product} {ergonomic}
   size_t MinHeapDeltaBytes                        = 2097152                                   {product} {ergonomic}
   size_t MinHeapSize                              = 8388608                                   {product} {ergonomic}
    uintx NonNMethodCodeHeapSize                   = 5839372                                {pd product} {ergonomic}
    uintx NonProfiledCodeHeapSize                  = 122909434                              {pd product} {ergonomic}
    uintx ProfiledCodeHeapSize                     = 122909434                              {pd product} {ergonomic}
    uintx ReservedCodeCacheSize                    = 251658240                              {pd product} {ergonomic}
     bool SegmentedCodeCache                       = true                                      {product} {ergonomic}
     bool ShowCodeDetailsInExceptionMessages       = true                                   {manageable} {command line}
   size_t SoftMaxHeapSize                          = 4213178368                             {manageable} {ergonomic}
     bool UseCompressedClassPointers               = true                           {product lp64_product} {ergonomic}
     bool UseCompressedOops                        = true                           {product lp64_product} {ergonomic}
     bool UseG1GC                                  = true                                      {product} {ergonomic}
     bool UseLargePagesIndividualAllocation        = false                                  {pd product} {ergonomic}

Logging:
Log output configuration:
 #0: stdout all=warning uptime,level,tags foldmultilines=false
 #1: stderr all=off uptime,level,tags foldmultilines=false

Environment Variables:
PATH=C:\Program Files\Common Files\Oracle\Java\javapath;C:\WINDOWS\system32;C:\WINDOWS;C:\WINDOWS\System32\Wbem;C:\WINDOWS\System32\WindowsPowerShell\v1.0\;C:\WINDOWS\System32\OpenSSH\;C:\Users\jpete\AppData\Local\Microsoft\WindowsApps;C:\Users\jpete\AppData\Local\GitHubDesktop\bin
USERNAME=jpete
OS=Windows_NT
PROCESSOR_IDENTIFIER=Intel64 Family 6 Model 140 Stepping 1, GenuineIntel



---------------  S Y S T E M  ---------------

OS:
 Windows 11 , 64 bit Build 22000 (10.0.22000.708)
OS uptime: 7 days 5:38 hours
Hyper-V role detected

CPU: total 8 (initial active 8) (4 cores per cpu, 2 threads per core) family 6 model 140 stepping 1 microcode 0xa4, cx8, cmov, fxsr, ht, mmx, 3dnowpref, sse, sse2, sse3, ssse3, sse4.1, sse4.2, popcnt, lzcnt, tsc, tscinvbit, avx, avx2, aes, erms, clmul, bmi1, bmi2, adx, avx512f, avx512dq, avx512cd, avx512bw, avx512vl, sha, fma, vzeroupper, avx512_vpopcntdq, avx512_vpclmulqdq, avx512_vaes, avx512_vnni, clflush, clflushopt, clwb, avx512_vbmi2, avx512_vbmi, hv

Memory: 4k page, system-wide physical 16064M (6000M free)
TotalPageFile size 65191M (AvailPageFile size 85M)
current process WorkingSet (physical memory assigned to process): 10M, peak: 10M
current process commit charge ("private bytes"): 60M, peak: 312M

vm_info: Java HotSpot(TM) 64-Bit Server VM (18.0.2.1+1-1) for windows-amd64 JRE (18.0.2.1+1-1), built on Aug 16 2022 01:46:33 by "mach5one" with MS VC++ 16.8 / 16.9 (VS2019)

END.
